<?xml version="1.0" encoding="UTF-8"?>
<!-- Generated by org.testng.reporters.JUnitReportReporter -->
<testsuite hostname="LIN80015404" failures="0" tests="4" name="TestLab.NewTest" time="79.744" errors="0" timestamp="29 Oct 2017 12:31:00 GMT" skipped="0">
  <testcase classname="TestLab.NewTest" name="testset2" time="19.706"/>
  <testcase classname="TestLab.NewTest" name="testset1" time="22.223"/>
  <testcase classname="TestLab.NewTest" name="testset2" time="19.280"/>
  <testcase classname="TestLab.NewTest" name="testset1" time="18.535"/>
</testsuite> <!-- TestLab.NewTest -->
